2012-09-04 20:17:36,040 - [INFO] - from play in main 
Listening for HTTP on port 9000...

2012-09-04 20:29:42,776 - [ERROR] - from application in New I/O  worker #1 


! Internal server error, for request [GET /] ->

sbt.PlayExceptions$CompilationException: Compilation error [render() in views.html.index cannot be applied to (java.lang.String)]
	at sbt.PlayReloader$$anon$2$$anonfun$reload$3$$anonfun$4$$anonfun$apply$12$$anonfun$apply$13.apply(PlayReloader.scala:229) ~[na:na]
	at sbt.PlayReloader$$anon$2$$anonfun$reload$3$$anonfun$4$$anonfun$apply$12$$anonfun$apply$13.apply(PlayReloader.scala:229) ~[na:na]
	at scala.Option.map(Option.scala:133) ~[scala-library.jar:0.11.3]
	at sbt.PlayReloader$$anon$2$$anonfun$reload$3$$anonfun$4$$anonfun$apply$12.apply(PlayReloader.scala:229) ~[na:na]
	at sbt.PlayReloader$$anon$2$$anonfun$reload$3$$anonfun$4$$anonfun$apply$12.apply(PlayReloader.scala:226) ~[na:na]
	at scala.Option.map(Option.scala:133) ~[scala-library.jar:0.11.3]
	at sbt.PlayReloader$$anon$2$$anonfun$reload$3$$anonfun$4.apply(PlayReloader.scala:226) ~[na:na]
	at sbt.PlayReloader$$anon$2$$anonfun$reload$3$$anonfun$4.apply(PlayReloader.scala:224) ~[na:na]
	at scala.Either$LeftProjection.map(Either.scala:183) ~[scala-library.jar:0.11.3]
	at sbt.PlayReloader$$anon$2$$anonfun$reload$3.apply(PlayReloader.scala:224) ~[na:na]
	at sbt.PlayReloader$$anon$2$$anonfun$reload$3.apply(PlayReloader.scala:219) ~[na:na]
	at scala.Option.getOrElse(Option.scala:108) ~[scala-library.jar:0.11.3]
	at sbt.PlayReloader$$anon$2.reload(PlayReloader.scala:219) ~[na:na]
	at play.core.ReloadableApplication$$anonfun$get$1.apply(ApplicationProvider.scala:110) ~[play_2.9.1.jar:2.0.3]
	at play.core.ReloadableApplication$$anonfun$get$1.apply(ApplicationProvider.scala:110) ~[play_2.9.1.jar:2.0.3]
	at akka.dispatch.Future$$anon$3.liftedTree1$1(Future.scala:195) ~[akka-actor.jar:2.0.2]
	at akka.dispatch.Future$$anon$3.run(Future.scala:194) ~[akka-actor.jar:2.0.2]
	at akka.dispatch.TaskInvocation.run(AbstractDispatcher.scala:94) ~[akka-actor.jar:2.0.2]
	at akka.jsr166y.ForkJoinTask$AdaptedRunnableAction.exec(ForkJoinTask.java:1381) ~[akka-actor.jar:2.0.2]
	at akka.jsr166y.ForkJoinTask.doExec(ForkJoinTask.java:259) ~[akka-actor.jar:2.0.2]
	at akka.jsr166y.ForkJoinPool$WorkQueue.runTask(ForkJoinPool.java:975) ~[akka-actor.jar:2.0.2]
	at akka.jsr166y.ForkJoinPool.runWorker(ForkJoinPool.java:1479) ~[akka-actor.jar:2.0.2]
	at akka.jsr166y.ForkJoinWorkerThread.run(ForkJoinWorkerThread.java:104) ~[akka-actor.jar:2.0.2]

2012-09-04 20:30:11,063 - [INFO] - from play in play-akka.actor.default-dispatcher-3 
Application started (Dev)

2012-09-04 20:31:05,022 - [INFO] - from play in play-akka.actor.default-dispatcher-5 
Application started (Dev)

2012-09-04 20:31:27,940 - [INFO] - from play in play-akka.actor.default-dispatcher-6 
Application started (Dev)

2012-09-04 20:32:11,941 - [INFO] - from play in play-akka.actor.default-dispatcher-6 
Application started (Dev)

2012-09-04 20:32:41,545 - [INFO] - from play in play-akka.actor.default-dispatcher-6 
Application started (Dev)

2012-09-04 20:32:59,333 - [INFO] - from play in play-akka.actor.default-dispatcher-9 
Application started (Dev)

2012-09-04 20:33:03,707 - [INFO] - from play in play-akka.actor.default-dispatcher-11 
Application started (Dev)

2012-09-04 20:33:12,424 - [INFO] - from play in play-akka.actor.default-dispatcher-10 
Application started (Dev)

2012-09-04 20:36:25,979 - [INFO] - from play in play-akka.actor.default-dispatcher-12 
Application started (Dev)

2012-09-04 20:37:22,933 - [INFO] - from play in play-akka.actor.default-dispatcher-12 
Application started (Dev)

2012-09-04 20:44:10,998 - [INFO] - from play in play-akka.actor.default-dispatcher-15 
Application started (Dev)

2012-09-04 20:44:50,273 - [INFO] - from play in play-akka.actor.default-dispatcher-16 
Application started (Dev)

2012-09-04 20:50:11,917 - [INFO] - from play in play-akka.actor.default-dispatcher-16 
Application started (Dev)

2012-09-04 20:50:22,019 - [INFO] - from play in play-akka.actor.default-dispatcher-18 
Application started (Dev)

2012-09-04 20:59:57,876 - [INFO] - from play in play-akka.actor.default-dispatcher-16 
Application started (Dev)

2012-09-04 21:00:35,863 - [INFO] - from play in play-akka.actor.default-dispatcher-16 
Application started (Dev)

2012-09-04 21:00:56,266 - [INFO] - from play in play-akka.actor.default-dispatcher-20 
Application started (Dev)

2012-09-04 21:02:09,851 - [INFO] - from play in play-akka.actor.default-dispatcher-20 
Application started (Dev)

2012-09-04 21:02:15,543 - [INFO] - from play in play-akka.actor.default-dispatcher-20 
Application started (Dev)

2012-09-04 21:02:38,652 - [INFO] - from play in play-akka.actor.default-dispatcher-23 
Application started (Dev)

2012-09-04 21:03:30,200 - [INFO] - from play in play-akka.actor.default-dispatcher-24 
Application started (Dev)

2012-09-04 21:04:34,147 - [INFO] - from play in play-akka.actor.default-dispatcher-25 
Application started (Dev)

2012-09-04 21:04:44,095 - [INFO] - from play in play-akka.actor.default-dispatcher-26 
Application started (Dev)

2012-09-04 21:04:53,598 - [INFO] - from play in play-akka.actor.default-dispatcher-27 
Application started (Dev)

2012-09-04 21:05:37,500 - [INFO] - from play in play-akka.actor.default-dispatcher-27 
Application started (Dev)

2012-09-04 21:08:32,124 - [INFO] - from play in play-akka.actor.default-dispatcher-33 
Application started (Dev)

2012-09-04 21:08:44,329 - [INFO] - from play in play-akka.actor.default-dispatcher-35 
Application started (Dev)

2012-09-04 21:08:51,366 - [INFO] - from play in play-akka.actor.default-dispatcher-36 
Application started (Dev)

2012-09-04 21:09:03,034 - [INFO] - from play in play-akka.actor.default-dispatcher-36 
Application started (Dev)

2012-09-04 21:11:13,917 - [INFO] - from play in play-akka.actor.default-dispatcher-38 
Application started (Dev)

2012-09-04 21:18:07,139 - [INFO] - from play in play-akka.actor.default-dispatcher-43 
Application started (Dev)

2012-09-04 21:20:33,910 - [INFO] - from play in play-akka.actor.default-dispatcher-45 
Application started (Dev)

2012-09-04 21:25:32,024 - [INFO] - from play in play-akka.actor.default-dispatcher-49 
Application started (Dev)

2012-09-04 21:33:55,790 - [INFO] - from play in play-akka.actor.default-dispatcher-62 
Application started (Dev)

